c:\users\lenovo\desktop\running projects\wgd\rearrangementabc\abc\abc\debug\vc141.pdb
c:\users\lenovo\desktop\running projects\wgd\rearrangementabc\abc\abc\debug\vc141.idb
c:\users\lenovo\desktop\running projects\wgd\rearrangementabc\abc\abc\debug\simulation.obj
c:\users\lenovo\desktop\running projects\wgd\rearrangementabc\abc\abc\debug\read_seqs.obj
c:\users\lenovo\desktop\running projects\wgd\rearrangementabc\abc\abc\debug\readtree.obj
c:\users\lenovo\desktop\running projects\wgd\rearrangementabc\abc\abc\debug\reabc.obj
c:\users\lenovo\desktop\running projects\wgd\rearrangementabc\abc\abc\debug\randoms.obj
c:\users\lenovo\desktop\running projects\wgd\rearrangementabc\abc\abc\debug\param_priors.obj
c:\users\lenovo\desktop\running projects\wgd\rearrangementabc\abc\abc\debug\parameters.obj
c:\users\lenovo\desktop\running projects\wgd\rearrangementabc\abc\abc\debug\paml.obj
c:\users\lenovo\desktop\running projects\wgd\rearrangementabc\abc\abc\debug\needleman_wunsch.obj
c:\users\lenovo\desktop\running projects\wgd\rearrangementabc\abc\abc\debug\msa_decomposer.obj
c:\users\lenovo\desktop\running projects\wgd\rearrangementabc\abc\abc\debug\msa.obj
c:\users\lenovo\desktop\running projects\wgd\rearrangementabc\abc\abc\debug\models.obj
c:\users\lenovo\desktop\running projects\wgd\rearrangementabc\abc\abc\debug\logfile.obj
c:\users\lenovo\desktop\running projects\wgd\rearrangementabc\abc\abc\debug\genomes.obj
c:\users\lenovo\desktop\running projects\wgd\rearrangementabc\abc\abc\debug\genome.obj
c:\users\lenovo\desktop\running projects\wgd\rearrangementabc\abc\abc\debug\euclidean_distance.obj
c:\users\lenovo\desktop\running projects\wgd\rearrangementabc\abc\abc\debug\errormsg.obj
c:\users\lenovo\desktop\running projects\wgd\rearrangementabc\abc\abc\debug\danarandomgenerators.obj
c:\users\lenovo\desktop\running projects\wgd\rearrangementabc\abc\abc\debug\conversionutils.obj
c:\users\lenovo\desktop\running projects\wgd\rearrangementabc\abc\abc\debug\alphabet.obj
c:\users\lenovo\desktop\running projects\wgd\rearrangementabc\abc\abc\debug\trie.obj
c:\users\lenovo\desktop\running projects\wgd\rearrangementabc\abc\abc\debug\treeutil.obj
c:\users\lenovo\desktop\running projects\wgd\rearrangementabc\abc\abc\debug\treeit.obj
c:\users\lenovo\desktop\running projects\wgd\rearrangementabc\abc\abc\debug\tree.obj
c:\users\lenovo\desktop\running projects\wgd\rearrangementabc\abc\abc\debug\talrandom.obj
c:\users\lenovo\desktop\running projects\wgd\rearrangementabc\abc\abc\debug\summ_stats_wrapper.obj
c:\users\lenovo\desktop\running projects\wgd\rearrangementabc\abc\abc\debug\spartaabc_options.obj
c:\users\lenovo\desktop\running projects\wgd\rearrangementabc\abc\abc\debug\spartaabc.obj
c:\users\lenovo\desktop\running projects\wgd\rearrangementabc\abc\abc\debug\genomerearrangements.obj
c:\users\lenovo\desktop\running projects\wgd\rearrangementabc\abc\abc\debug\someutil.obj
c:\users\lenovo\desktop\running projects\wgd\rearrangementabc\abc\abc\debug\sim_matrices.obj
c:\users\lenovo\desktop\running projects\wgd\rearrangementabc\abc\abc\debug\simulator.obj
c:\users\lenovo\desktop\running projects\wgd\rearrangementabc\abc\abc\debug\grabc.obj
c:\users\lenovo\desktop\running projects\wgd\rearrangementabc\abc\abc\debug\grabc_options.obj
c:\users\lenovo\desktop\running projects\wgd\rearrangementabc\abc\debug\abc.exe
c:\users\lenovo\desktop\running projects\wgd\rearrangementabc\abc\debug\abc.ilk
c:\users\lenovo\desktop\running projects\wgd\rearrangementabc\abc\debug\abc.pdb
c:\users\lenovo\desktop\running projects\wgd\rearrangementabc\abc\abc\debug\genomerearrangements.obj.enc
c:\users\lenovo\desktop\running projects\wgd\rearrangementabc\abc\abc\debug\genomes.obj.enc
c:\users\lenovo\desktop\running projects\wgd\rearrangementabc\abc\abc\debug\abc.tlog\cl.command.1.tlog
c:\users\lenovo\desktop\running projects\wgd\rearrangementabc\abc\abc\debug\abc.tlog\cl.read.1.tlog
c:\users\lenovo\desktop\running projects\wgd\rearrangementabc\abc\abc\debug\abc.tlog\cl.write.1.tlog
c:\users\lenovo\desktop\running projects\wgd\rearrangementabc\abc\abc\debug\abc.tlog\link.command.1.tlog
c:\users\lenovo\desktop\running projects\wgd\rearrangementabc\abc\abc\debug\abc.tlog\link.read.1.tlog
c:\users\lenovo\desktop\running projects\wgd\rearrangementabc\abc\abc\debug\abc.tlog\link.write.1.tlog
