c:\users\dana rapoport\source\repos\abc\release\abc.ipdb
c:\users\dana rapoport\source\repos\abc\release\abc.iobj
c:\users\dana rapoport\source\repos\abc\abc\release\vc141.pdb
c:\users\dana rapoport\source\repos\abc\abc\release\someutil.obj
c:\users\dana rapoport\source\repos\abc\abc\release\sim_matrices.obj
c:\users\dana rapoport\source\repos\abc\abc\release\simulator.obj
c:\users\dana rapoport\source\repos\abc\abc\release\simulation.obj
c:\users\dana rapoport\source\repos\abc\abc\release\read_seqs.obj
c:\users\dana rapoport\source\repos\abc\abc\release\readtree.obj
c:\users\dana rapoport\source\repos\abc\abc\release\randoms.obj
c:\users\dana rapoport\source\repos\abc\abc\release\param_priors.obj
c:\users\dana rapoport\source\repos\abc\abc\release\parameters.obj
c:\users\dana rapoport\source\repos\abc\abc\release\paml.obj
c:\users\dana rapoport\source\repos\abc\abc\release\needleman_wunsch.obj
c:\users\dana rapoport\source\repos\abc\abc\release\msa_decomposer.obj
c:\users\dana rapoport\source\repos\abc\abc\release\msa.obj
c:\users\dana rapoport\source\repos\abc\abc\release\models.obj
c:\users\dana rapoport\source\repos\abc\abc\release\logfile.obj
c:\users\dana rapoport\source\repos\abc\abc\release\euclidean_distance.obj
c:\users\dana rapoport\source\repos\abc\abc\release\errormsg.obj
c:\users\dana rapoport\source\repos\abc\abc\release\danarandomgenerators.obj
c:\users\dana rapoport\source\repos\abc\abc\release\conversionutils.obj
c:\users\dana rapoport\source\repos\abc\abc\release\alphabet.obj
c:\users\dana rapoport\source\repos\abc\abc\release\treeutil.obj
c:\users\dana rapoport\source\repos\abc\abc\release\treeit.obj
c:\users\dana rapoport\source\repos\abc\abc\release\tree.obj
c:\users\dana rapoport\source\repos\abc\abc\release\talrandom.obj
c:\users\dana rapoport\source\repos\abc\abc\release\summ_stats_wrapper.obj
c:\users\dana rapoport\source\repos\abc\abc\release\spartaabc_options.obj
c:\users\dana rapoport\source\repos\abc\abc\release\spartaabc.obj
c:\users\dana rapoport\source\repos\abc\release\abc.exe
c:\users\dana rapoport\source\repos\abc\release\abc.pdb
c:\users\dana rapoport\source\repos\abc\abc\release\abc.tlog\abc.write.1u.tlog
c:\users\dana rapoport\source\repos\abc\abc\release\abc.tlog\cl.command.1.tlog
c:\users\dana rapoport\source\repos\abc\abc\release\abc.tlog\cl.read.1.tlog
c:\users\dana rapoport\source\repos\abc\abc\release\abc.tlog\cl.write.1.tlog
c:\users\dana rapoport\source\repos\abc\abc\release\abc.tlog\link.command.1.tlog
c:\users\dana rapoport\source\repos\abc\abc\release\abc.tlog\link.read.1.tlog
c:\users\dana rapoport\source\repos\abc\abc\release\abc.tlog\link.write.1.tlog
